Copyright 1986-2017 Xilinx, Inc. All Rights Reserved.
---------------------------------------------------------------------------------------------
| Tool Version : Vivado v.2017.2 (lin64) Build 1909853 Thu Jun 15 18:39:10 MDT 2017
| Date         : Wed Jul 19 22:05:55 2017
| Host         : gameslab-dev running 64-bit Debian GNU/Linux 9.0 (stretch)
| Command      : report_control_sets -verbose -file gameslab_wrapper_control_sets_placed.rpt
| Design       : gameslab_wrapper
| Device       : xc7z010
---------------------------------------------------------------------------------------------

Control Set Information

Table of Contents
-----------------
1. Summary
2. Flip-Flop Distribution
3. Detailed Control Set Information

1. Summary
----------

+----------------------------------------------------------+-------+
|                          Status                          | Count |
+----------------------------------------------------------+-------+
| Number of unique control sets                            |    39 |
| Unused register locations in slices containing registers |    90 |
+----------------------------------------------------------+-------+


2. Flip-Flop Distribution
-------------------------

+--------------+-----------------------+------------------------+-----------------+--------------+
| Clock Enable | Synchronous Set/Reset | Asynchronous Set/Reset | Total Registers | Total Slices |
+--------------+-----------------------+------------------------+-----------------+--------------+
| No           | No                    | No                     |             101 |           29 |
| No           | No                    | Yes                    |               0 |            0 |
| No           | Yes                   | No                     |              89 |           28 |
| Yes          | No                    | No                     |             272 |           58 |
| Yes          | No                    | Yes                    |               0 |            0 |
| Yes          | Yes                   | No                     |             128 |           32 |
+--------------+-----------------------+------------------------+-----------------+--------------+


3. Detailed Control Set Information
-----------------------------------

+-------------------------------------------------+---------------------------------------------------------------------------------------------------------------------------------------------------------------+------------------------------------------------------------------------------------------------------------------------------------------+------------------+----------------+
|                   Clock Signal                  |                                                                         Enable Signal                                                                         |                                                             Set/Reset Signal                                                             | Slice Load Count | Bel Load Count |
+-------------------------------------------------+---------------------------------------------------------------------------------------------------------------------------------------------------------------+------------------------------------------------------------------------------------------------------------------------------------------+------------------+----------------+
|  gameslab_i/processing_system7_0/inst/FCLK_CLK0 | gameslab_i/ps7_0_axi_periph/s00_couplers/auto_pc/inst/gen_axilite.gen_b2s_conv.axilite_b2s/WR.b_channel_0/bid_fifo_0/bresp_push                               |                                                                                                                                          |                1 |              2 |
|  gameslab_i/processing_system7_0/inst/FCLK_CLK0 |                                                                                                                                                               | gameslab_i/ps7_0_axi_periph/s00_couplers/auto_pc/inst/gen_axilite.gen_b2s_conv.axilite_b2s/SI_REG/ar_pipe/m_valid_i_reg_0                |                2 |              4 |
|  gameslab_i/processing_system7_0/inst/FCLK_CLK0 |                                                                                                                                                               | gameslab_i/rst_ps7_0_100M/U0/EXT_LPF/lpf_int                                                                                             |                2 |              4 |
|  gameslab_i/processing_system7_0/inst/FCLK_CLK0 |                                                                                                                                                               | gameslab_i/ps7_0_axi_periph/s00_couplers/auto_pc/inst/gen_axilite.gen_b2s_conv.axilite_b2s/SI_REG/aw_pipe/s_ready_i_reg_0                |                2 |              4 |
|  gameslab_i/processing_system7_0/inst/FCLK_CLK0 | gameslab_i/ps7_0_axi_periph/s00_couplers/auto_pc/inst/gen_axilite.gen_b2s_conv.axilite_b2s/WR.aw_channel_0/cmd_translator_0/incr_cmd_0/axaddr_incr[0]_i_1_n_0 |                                                                                                                                          |                1 |              4 |
|  gameslab_i/processing_system7_0/inst/FCLK_CLK0 | gameslab_i/ps7_0_axi_periph/s00_couplers/auto_pc/inst/gen_axilite.gen_b2s_conv.axilite_b2s/WR.aw_channel_0/aw_cmd_fsm_0/E[0]                                  |                                                                                                                                          |                2 |              4 |
|  gameslab_i/processing_system7_0/inst/FCLK_CLK0 | gameslab_i/ps7_0_axi_periph/s00_couplers/auto_pc/inst/gen_axilite.gen_b2s_conv.axilite_b2s/WR.aw_channel_0/aw_cmd_fsm_0/axaddr_wrap_reg[0]                    | gameslab_i/ps7_0_axi_periph/s00_couplers/auto_pc/inst/gen_axilite.gen_b2s_conv.axilite_b2s/WR.aw_channel_0/aw_cmd_fsm_0/axlen_cnt_reg[7] |                1 |              4 |
|  gameslab_i/processing_system7_0/inst/FCLK_CLK0 | gameslab_i/ps7_0_axi_periph/s00_couplers/auto_pc/inst/gen_axilite.gen_b2s_conv.axilite_b2s/RD.ar_channel_0/ar_cmd_fsm_0/E[0]                                  |                                                                                                                                          |                2 |              4 |
|  gameslab_i/processing_system7_0/inst/FCLK_CLK0 | gameslab_i/ps7_0_axi_periph/s00_couplers/auto_pc/inst/gen_axilite.gen_b2s_conv.axilite_b2s/RD.ar_channel_0/ar_cmd_fsm_0/axaddr_incr_reg[11]                   |                                                                                                                                          |                1 |              4 |
|  gameslab_i/processing_system7_0/inst/FCLK_CLK0 | gameslab_i/ps7_0_axi_periph/s00_couplers/auto_pc/inst/gen_axilite.gen_b2s_conv.axilite_b2s/RD.ar_channel_0/ar_cmd_fsm_0/axlen_cnt_reg[4][0]                   | gameslab_i/ps7_0_axi_periph/s00_couplers/auto_pc/inst/gen_axilite.gen_b2s_conv.axilite_b2s/RD.ar_channel_0/ar_cmd_fsm_0/axlen_cnt_reg[7] |                2 |              4 |
|  gameslab_i/processing_system7_0/inst/FCLK_CLK0 | gameslab_i/rst_ps7_0_100M/U0/SEQ/seq_cnt_en                                                                                                                   | gameslab_i/rst_ps7_0_100M/U0/SEQ/SEQ_COUNTER/clear                                                                                       |                1 |              6 |
|  gameslab_i/processing_system7_0/inst/FCLK_CLK0 | gameslab_i/gslcd_0/inst/gslcd_v1_0_S00_AXI_inst/p_1_in[31]                                                                                                    | gameslab_i/gslcd_0/inst/gslcd_v1_0_S00_AXI_inst/axi_awready_i_1_n_0                                                                      |                1 |              8 |
|  gameslab_i/processing_system7_0/inst/FCLK_CLK0 | gameslab_i/gslcd_0/inst/gslcd_v1_0_S00_AXI_inst/p_1_in[23]                                                                                                    | gameslab_i/gslcd_0/inst/gslcd_v1_0_S00_AXI_inst/axi_awready_i_1_n_0                                                                      |                1 |              8 |
|  gameslab_i/processing_system7_0/inst/FCLK_CLK0 | gameslab_i/gslcd_0/inst/gslcd_v1_0_S00_AXI_inst/frame_ptr[15]_i_1_n_0                                                                                         | gameslab_i/gslcd_0/inst/gslcd_v1_0_S00_AXI_inst/axi_awready_i_1_n_0                                                                      |                2 |              8 |
|  gameslab_i/processing_system7_0/inst/FCLK_CLK0 | gameslab_i/gslcd_0/inst/gslcd_v1_0_S00_AXI_inst/frame_ptr[23]_i_1_n_0                                                                                         | gameslab_i/gslcd_0/inst/gslcd_v1_0_S00_AXI_inst/axi_awready_i_1_n_0                                                                      |                1 |              8 |
|  gameslab_i/processing_system7_0/inst/FCLK_CLK0 | gameslab_i/gslcd_0/inst/gslcd_v1_0_S00_AXI_inst/p_1_in[15]                                                                                                    | gameslab_i/gslcd_0/inst/gslcd_v1_0_S00_AXI_inst/axi_awready_i_1_n_0                                                                      |                2 |              8 |
|  gameslab_i/processing_system7_0/inst/FCLK_CLK0 | gameslab_i/gslcd_0/inst/gslcd_v1_0_S00_AXI_inst/p_1_in[7]                                                                                                     | gameslab_i/gslcd_0/inst/gslcd_v1_0_S00_AXI_inst/axi_awready_i_1_n_0                                                                      |                2 |              8 |
|  gameslab_i/processing_system7_0/inst/FCLK_CLK0 | gameslab_i/gslcd_0/inst/gslcd_v1_0_S00_AXI_inst/frame_ptr[7]_i_1_n_0                                                                                          | gameslab_i/gslcd_0/inst/gslcd_v1_0_S00_AXI_inst/axi_awready_i_1_n_0                                                                      |                1 |              8 |
|  gameslab_i/processing_system7_0/inst/FCLK_CLK0 | gameslab_i/ps7_0_axi_periph/s00_couplers/auto_pc/inst/gen_axilite.gen_b2s_conv.axilite_b2s/WR.b_channel_0/mhandshake_r                                        | gameslab_i/ps7_0_axi_periph/s00_couplers/auto_pc/inst/gen_axilite.gen_b2s_conv.axilite_b2s/WR.b_channel_0/bid_fifo_0/SR[0]               |                2 |              8 |
|  gameslab_i/processing_system7_0/inst/FCLK_CLK0 | gameslab_i/gslcd_0/inst/gslcd_v1_0_S00_AXI_inst/frame_ptr[31]_i_1_n_0                                                                                         | gameslab_i/gslcd_0/inst/gslcd_v1_0_S00_AXI_inst/axi_awready_i_1_n_0                                                                      |                1 |              8 |
|  gameslab_i/processing_system7_0/inst/FCLK_CLK1 | gameslab_i/gslcd_0/inst/gslcd_v1_0_timing_inst/line_reg                                                                                                       | gameslab_i/gslcd_0/inst/gslcd_v1_0_S00_AXI_inst/SR[0]                                                                                    |                4 |             10 |
|  gameslab_i/processing_system7_0/inst/FCLK_CLK1 |                                                                                                                                                               | gameslab_i/gslcd_0/inst/gslcd_v1_0_S00_AXI_inst/SR[0]                                                                                    |                4 |             10 |
|  gameslab_i/processing_system7_0/inst/FCLK_CLK0 |                                                                                                                                                               | gameslab_i/gslcd_0/inst/gslcd_v1_0_S00_AXI_inst/axi_awready_i_1_n_0                                                                      |                5 |             11 |
|  gameslab_i/processing_system7_0/inst/FCLK_CLK0 | gameslab_i/ps7_0_axi_periph/s00_couplers/auto_pc/inst/gen_axilite.gen_b2s_conv.axilite_b2s/WR.aw_channel_0/aw_cmd_fsm_0/axaddr_wrap_reg[0]                    |                                                                                                                                          |                6 |             13 |
|  gameslab_i/processing_system7_0/inst/FCLK_CLK0 | gameslab_i/ps7_0_axi_periph/s00_couplers/auto_pc/inst/gen_axilite.gen_b2s_conv.axilite_b2s/RD.ar_channel_0/ar_cmd_fsm_0/axlen_cnt_reg[4][0]                   |                                                                                                                                          |                5 |             13 |
|  gameslab_i/processing_system7_0/inst/FCLK_CLK0 | gameslab_i/ps7_0_axi_periph/s00_couplers/auto_pc/inst/gen_axilite.gen_b2s_conv.axilite_b2s/RD.r_channel_0/r_push_r                                            |                                                                                                                                          |                4 |             13 |
|  gameslab_i/processing_system7_0/inst/FCLK_CLK0 | gameslab_i/ps7_0_axi_periph/s00_couplers/auto_pc/inst/gen_axilite.gen_b2s_conv.axilite_b2s/SI_REG/b_pipe/p_1_in                                               |                                                                                                                                          |                3 |             14 |
|  gameslab_i/processing_system7_0/inst/FCLK_CLK0 | gameslab_i/ps7_0_axi_periph/s00_couplers/auto_pc/inst/gen_axilite.gen_b2s_conv.axilite_b2s/SI_REG/b_pipe/skid_buffer_reg[0]_0                                 |                                                                                                                                          |                3 |             14 |
|  gameslab_i/processing_system7_0/inst/FCLK_CLK0 | gameslab_i/ps7_0_axi_periph/s00_couplers/auto_pc/inst/gen_axilite.gen_b2s_conv.axilite_b2s/WR.aw_channel_0/aw_cmd_fsm_0/b_push                                |                                                                                                                                          |                3 |             16 |
|  gameslab_i/processing_system7_0/inst/FCLK_CLK0 | gameslab_i/ps7_0_axi_periph/s00_couplers/auto_pc/inst/gen_axilite.gen_b2s_conv.axilite_b2s/SI_REG/ar_pipe/s_axi_arready                                       |                                                                                                                                          |                4 |             27 |
|  gameslab_i/processing_system7_0/inst/FCLK_CLK0 | gameslab_i/ps7_0_axi_periph/s00_couplers/auto_pc/inst/gen_axilite.gen_b2s_conv.axilite_b2s/WR.aw_channel_0/aw_cmd_fsm_0/m_payload_i_reg[0][0]                 |                                                                                                                                          |                6 |             27 |
|  gameslab_i/processing_system7_0/inst/FCLK_CLK0 | gameslab_i/ps7_0_axi_periph/s00_couplers/auto_pc/inst/gen_axilite.gen_b2s_conv.axilite_b2s/RD.ar_channel_0/ar_cmd_fsm_0/m_payload_i_reg[0]_1[0]               |                                                                                                                                          |                5 |             27 |
|  gameslab_i/processing_system7_0/inst/FCLK_CLK0 | gameslab_i/ps7_0_axi_periph/s00_couplers/auto_pc/inst/gen_axilite.gen_b2s_conv.axilite_b2s/SI_REG/aw_pipe/s_axi_awready                                       |                                                                                                                                          |                5 |             27 |
|  gameslab_i/processing_system7_0/inst/FCLK_CLK0 | gameslab_i/gslcd_0/inst/gslcd_v1_0_S00_AXI_inst/slv_reg_rden__0                                                                                               | gameslab_i/gslcd_0/inst/gslcd_v1_0_S00_AXI_inst/axi_awready_i_1_n_0                                                                      |               11 |             32 |
|  gameslab_i/processing_system7_0/inst/FCLK_CLK0 | gameslab_i/ps7_0_axi_periph/s00_couplers/auto_pc/inst/gen_axilite.gen_b2s_conv.axilite_b2s/RD.r_channel_0/rd_data_fifo_0/wr_en0                               |                                                                                                                                          |                9 |             34 |
|  gameslab_i/processing_system7_0/inst/FCLK_CLK0 | gameslab_i/ps7_0_axi_periph/s00_couplers/auto_pc/inst/gen_axilite.gen_b2s_conv.axilite_b2s/SI_REG/r_pipe/p_1_in                                               |                                                                                                                                          |                7 |             47 |
|  gameslab_i/processing_system7_0/inst/FCLK_CLK0 | gameslab_i/ps7_0_axi_periph/s00_couplers/auto_pc/inst/gen_axilite.gen_b2s_conv.axilite_b2s/SI_REG/r_pipe/skid_buffer_reg[0]_0                                 |                                                                                                                                          |                8 |             47 |
|  gameslab_i/processing_system7_0/inst/FCLK_CLK0 |                                                                                                                                                               | gameslab_i/ps7_0_axi_periph/s00_couplers/auto_pc/inst/gen_axilite.gen_b2s_conv.axilite_b2s/areset_d1                                     |               13 |             56 |
|  gameslab_i/processing_system7_0/inst/FCLK_CLK0 |                                                                                                                                                               |                                                                                                                                          |               30 |            102 |
+-------------------------------------------------+---------------------------------------------------------------------------------------------------------------------------------------------------------------+------------------------------------------------------------------------------------------------------------------------------------------+------------------+----------------+


+--------+-----------------------+
| Fanout | Number of ControlSets |
+--------+-----------------------+
| 2      |                     1 |
| 4      |                     9 |
| 6      |                     1 |
| 8      |                     9 |
| 10     |                     2 |
| 11     |                     1 |
| 13     |                     3 |
| 14     |                     2 |
| 16+    |                    11 |
+--------+-----------------------+


