Copyright 1986-2017 Xilinx, Inc. All Rights Reserved.
----------------------------------------------------------------------------------------------------------------------------------------------------------------------
| Tool Version     : Vivado v.2017.2 (lin64) Build 1909853 Thu Jun 15 18:39:10 MDT 2017
| Date             : Sun Oct 22 14:46:36 2017
| Host             : gameslab-dev running 64-bit Debian GNU/Linux 9.0 (stretch)
| Command          : report_power -file gameslab_wrapper_power_routed.rpt -pb gameslab_wrapper_power_summary_routed.pb -rpx gameslab_wrapper_power_routed.rpx
| Design           : gameslab_wrapper
| Device           : xc7z010clg400-1
| Design State     : routed
| Grade            : commercial
| Process          : typical
| Characterization : Production
----------------------------------------------------------------------------------------------------------------------------------------------------------------------

Power Report

Table of Contents
-----------------
1. Summary
1.1 On-Chip Components
1.2 Power Supply Summary
1.3 Confidence Level
2. Settings
2.1 Environment
2.2 Clock Constraints
3. Detailed Reports
3.1 By Hierarchy

1. Summary
----------

+--------------------------+--------+
| Total On-Chip Power (W)  | 1.664  |
| Dynamic (W)              | 1.534  |
| Device Static (W)        | 0.130  |
| Effective TJA (C/W)      | 11.5   |
| Max Ambient (C)          | 65.8   |
| Junction Temperature (C) | 44.2   |
| Confidence Level         | Medium |
| Setting File             | ---    |
| Simulation Activity File | ---    |
| Design Nets Matched      | NA     |
+--------------------------+--------+


1.1 On-Chip Components
----------------------

+--------------------------+-----------+----------+-----------+-----------------+
| On-Chip                  | Power (W) | Used     | Available | Utilization (%) |
+--------------------------+-----------+----------+-----------+-----------------+
| Clocks                   |     0.005 |        4 |       --- |             --- |
| Slice Logic              |     0.002 |     2282 |       --- |             --- |
|   LUT as Logic           |     0.002 |      706 |     17600 |            4.01 |
|   CARRY4                 |    <0.001 |       43 |      4400 |            0.98 |
|   Register               |    <0.001 |     1003 |     35200 |            2.85 |
|   LUT as Shift Register  |    <0.001 |       62 |      6000 |            1.03 |
|   LUT as Distributed RAM |    <0.001 |       10 |      6000 |            0.17 |
|   Others                 |     0.000 |      291 |       --- |             --- |
| Signals                  |     0.003 |     1679 |       --- |             --- |
| Block RAM                |     0.001 |        1 |        60 |            1.67 |
| I/O                      |     0.004 |       29 |       100 |           29.00 |
| PS7                      |     1.519 |        1 |       --- |             --- |
| Static Power             |     0.130 |          |           |                 |
| Total                    |     1.664 |          |           |                 |
+--------------------------+-----------+----------+-----------+-----------------+


1.2 Power Supply Summary
------------------------

+-----------+-------------+-----------+-------------+------------+
| Source    | Voltage (V) | Total (A) | Dynamic (A) | Static (A) |
+-----------+-------------+-----------+-------------+------------+
| Vccint    |       1.000 |     0.018 |       0.011 |      0.007 |
| Vccaux    |       1.800 |     0.012 |       0.000 |      0.012 |
| Vcco33    |       3.300 |     0.002 |       0.001 |      0.001 |
| Vcco25    |       2.500 |     0.000 |       0.000 |      0.000 |
| Vcco18    |       1.800 |     0.000 |       0.000 |      0.000 |
| Vcco15    |       1.500 |     0.000 |       0.000 |      0.000 |
| Vcco135   |       1.350 |     0.000 |       0.000 |      0.000 |
| Vcco12    |       1.200 |     0.000 |       0.000 |      0.000 |
| Vccaux_io |       1.800 |     0.000 |       0.000 |      0.000 |
| Vccbram   |       1.000 |     0.001 |       0.000 |      0.000 |
| MGTAVcc   |       1.000 |     0.000 |       0.000 |      0.000 |
| MGTAVtt   |       1.200 |     0.000 |       0.000 |      0.000 |
| MGTVccaux |       1.800 |     0.000 |       0.000 |      0.000 |
| Vccpint   |       1.000 |     0.741 |       0.711 |      0.030 |
| Vccpaux   |       1.800 |     0.060 |       0.050 |      0.010 |
| Vccpll    |       1.800 |     0.018 |       0.015 |      0.003 |
| Vcco_ddr  |       1.500 |     0.458 |       0.456 |      0.002 |
| Vcco_mio0 |       3.300 |     0.003 |       0.002 |      0.001 |
| Vcco_mio1 |       1.800 |     0.002 |       0.001 |      0.001 |
| Vccadc    |       1.800 |     0.020 |       0.000 |      0.020 |
+-----------+-------------+-----------+-------------+------------+


1.3 Confidence Level
--------------------

+-----------------------------+------------+------------------------------------------------+------------------------------------------------------------------------------------------------------------+
| User Input Data             | Confidence | Details                                        | Action                                                                                                     |
+-----------------------------+------------+------------------------------------------------+------------------------------------------------------------------------------------------------------------+
| Design implementation state | High       | Design is routed                               |                                                                                                            |
| Clock nodes activity        | High       | User specified more than 95% of clocks         |                                                                                                            |
| I/O nodes activity          | High       | User specified more than 95% of inputs         |                                                                                                            |
| Internal nodes activity     | Medium     | User specified less than 25% of internal nodes | Provide missing internal nodes activity with simulation results or by editing the "By Resource Type" views |
| Device models               | High       | Device models are Production                   |                                                                                                            |
|                             |            |                                                |                                                                                                            |
| Overall confidence level    | Medium     |                                                |                                                                                                            |
+-----------------------------+------------+------------------------------------------------+------------------------------------------------------------------------------------------------------------+


2. Settings
-----------

2.1 Environment
---------------

+-----------------------+------------------------+
| Ambient Temp (C)      | 25.0                   |
| ThetaJA (C/W)         | 11.5                   |
| Airflow (LFM)         | 250                    |
| Heat Sink             | none                   |
| ThetaSA (C/W)         | 0.0                    |
| Board Selection       | medium (10"x10")       |
| # of Board Layers     | 8to11 (8 to 11 Layers) |
| Board Temperature (C) | 25.0                   |
+-----------------------+------------------------+


2.2 Clock Constraints
---------------------

+------------+-------------------------------------------------------------+-----------------+
| Clock      | Domain                                                      | Constraint (ns) |
+------------+-------------------------------------------------------------+-----------------+
| clk_fpga_0 | gameslab_i/processing_system7_0/inst/FCLK_CLK_unbuffered[0] |            10.0 |
| clk_fpga_1 | gameslab_i/processing_system7_0/inst/FCLK_CLK_unbuffered[1] |            31.2 |
+------------+-------------------------------------------------------------+-----------------+


3. Detailed Reports
-------------------

3.1 By Hierarchy
----------------

+----------------------------------------------------------------------------------------+-----------+
| Name                                                                                   | Power (W) |
+----------------------------------------------------------------------------------------+-----------+
| gameslab_wrapper                                                                       |     1.534 |
|   gameslab_i                                                                           |     1.530 |
|     axi_interconnect_0                                                                 |     0.002 |
|       s00_couplers                                                                     |     0.002 |
|         auto_pc                                                                        |     0.002 |
|           inst                                                                         |     0.002 |
|             gen_axi4_axi3.axi3_conv_inst                                               |     0.002 |
|               USE_READ.USE_SPLIT_R.read_addr_inst                                      |    <0.001 |
|                 USE_R_CHANNEL.cmd_queue                                                |    <0.001 |
|                   inst                                                                 |    <0.001 |
|                     fifo_gen_inst                                                      |    <0.001 |
|                       inst_fifo_gen                                                    |    <0.001 |
|                         gconvfifo.rf                                                   |    <0.001 |
|                           grf.rf                                                       |    <0.001 |
|                             gntv_or_sync_fifo.gl0.rd                                   |    <0.001 |
|                               gr1.gr1_int.rfwft                                        |    <0.001 |
|                               grss.rsts                                                |    <0.001 |
|                               rpntr                                                    |    <0.001 |
|                             gntv_or_sync_fifo.gl0.wr                                   |    <0.001 |
|                               gwss.wsts                                                |    <0.001 |
|                               wpntr                                                    |    <0.001 |
|                             gntv_or_sync_fifo.mem                                      |    <0.001 |
|                               gdm.dm_gen.dm                                            |    <0.001 |
|                                 RAM_reg_0_31_0_0                                       |    <0.001 |
|                             rstblk                                                     |    <0.001 |
|                               ngwrdrst.grst.g7serrst.gwrrd_rst_sync_stage[1].rrst_inst |    <0.001 |
|                               ngwrdrst.grst.g7serrst.gwrrd_rst_sync_stage[1].wrst_inst |    <0.001 |
|                               ngwrdrst.grst.g7serrst.gwrrd_rst_sync_stage[2].rrst_inst |    <0.001 |
|                               ngwrdrst.grst.g7serrst.gwrrd_rst_sync_stage[2].wrst_inst |    <0.001 |
|               USE_WRITE.USE_SPLIT_W.write_resp_inst                                    |    <0.001 |
|               USE_WRITE.write_addr_inst                                                |    <0.001 |
|                 USE_BURSTS.cmd_queue                                                   |    <0.001 |
|                   inst                                                                 |    <0.001 |
|                     fifo_gen_inst                                                      |    <0.001 |
|                       inst_fifo_gen                                                    |    <0.001 |
|                         gconvfifo.rf                                                   |    <0.001 |
|                           grf.rf                                                       |    <0.001 |
|                             gntv_or_sync_fifo.gl0.rd                                   |    <0.001 |
|                               gr1.gr1_int.rfwft                                        |    <0.001 |
|                               grss.rsts                                                |    <0.001 |
|                               rpntr                                                    |    <0.001 |
|                             gntv_or_sync_fifo.gl0.wr                                   |    <0.001 |
|                               gwss.wsts                                                |    <0.001 |
|                               wpntr                                                    |    <0.001 |
|                             gntv_or_sync_fifo.mem                                      |    <0.001 |
|                               gdm.dm_gen.dm                                            |    <0.001 |
|                                 RAM_reg_0_31_0_4                                       |    <0.001 |
|                             rstblk                                                     |    <0.001 |
|                               ngwrdrst.grst.g7serrst.gwrrd_rst_sync_stage[1].rrst_inst |    <0.001 |
|                               ngwrdrst.grst.g7serrst.gwrrd_rst_sync_stage[1].wrst_inst |    <0.001 |
|                               ngwrdrst.grst.g7serrst.gwrrd_rst_sync_stage[2].rrst_inst |    <0.001 |
|                               ngwrdrst.grst.g7serrst.gwrrd_rst_sync_stage[2].wrst_inst |    <0.001 |
|                 USE_B_CHANNEL.cmd_b_queue                                              |    <0.001 |
|                   inst                                                                 |    <0.001 |
|                     fifo_gen_inst                                                      |    <0.001 |
|                       inst_fifo_gen                                                    |    <0.001 |
|                         gconvfifo.rf                                                   |    <0.001 |
|                           grf.rf                                                       |    <0.001 |
|                             gntv_or_sync_fifo.gl0.rd                                   |    <0.001 |
|                               gr1.gr1_int.rfwft                                        |    <0.001 |
|                               grss.rsts                                                |    <0.001 |
|                               rpntr                                                    |    <0.001 |
|                             gntv_or_sync_fifo.gl0.wr                                   |    <0.001 |
|                               gwss.wsts                                                |    <0.001 |
|                               wpntr                                                    |    <0.001 |
|                             gntv_or_sync_fifo.mem                                      |    <0.001 |
|                               gdm.dm_gen.dm                                            |    <0.001 |
|                                 RAM_reg_0_31_0_4                                       |    <0.001 |
|                             rstblk                                                     |    <0.001 |
|                               ngwrdrst.grst.g7serrst.gwrrd_rst_sync_stage[1].rrst_inst |    <0.001 |
|                               ngwrdrst.grst.g7serrst.gwrrd_rst_sync_stage[1].wrst_inst |    <0.001 |
|                               ngwrdrst.grst.g7serrst.gwrrd_rst_sync_stage[2].rrst_inst |    <0.001 |
|                               ngwrdrst.grst.g7serrst.gwrrd_rst_sync_stage[2].wrst_inst |    <0.001 |
|               USE_WRITE.write_data_inst                                                |    <0.001 |
|     gslcd_0                                                                            |     0.004 |
|       inst                                                                             |     0.004 |
|         gslcd_impl                                                                     |     0.004 |
|           bufferCC_5                                                                   |    <0.001 |
|           bufferCC_6                                                                   |    <0.001 |
|           bufferCC_7                                                                   |    <0.001 |
|           dma                                                                          |    <0.001 |
|           fifo                                                                         |     0.002 |
|             fifo                                                                       |     0.002 |
|               bufferCC_5                                                               |    <0.001 |
|               bufferCC_6                                                               |    <0.001 |
|           pixelClockArea_timing                                                        |    <0.001 |
|           pixelClockArea_widthConverter                                                |    <0.001 |
|     lcd_dim                                                                            |     0.000 |
|     processing_system7_0                                                               |     1.519 |
|       inst                                                                             |     1.519 |
|     ps7_0_axi_periph                                                                   |     0.005 |
|       s00_couplers                                                                     |     0.005 |
|         auto_pc                                                                        |     0.005 |
|           inst                                                                         |     0.005 |
|             gen_axilite.gen_b2s_conv.axilite_b2s                                       |     0.005 |
|               RD.ar_channel_0                                                          |    <0.001 |
|                 ar_cmd_fsm_0                                                           |    <0.001 |
|                 cmd_translator_0                                                       |    <0.001 |
|                   incr_cmd_0                                                           |    <0.001 |
|                   wrap_cmd_0                                                           |    <0.001 |
|               RD.r_channel_0                                                           |     0.001 |
|                 rd_data_fifo_0                                                         |    <0.001 |
|                 transaction_fifo_0                                                     |    <0.001 |
|               SI_REG                                                                   |     0.002 |
|                 ar_pipe                                                                |    <0.001 |
|                 aw_pipe                                                                |    <0.001 |
|                 b_pipe                                                                 |    <0.001 |
|                 r_pipe                                                                 |    <0.001 |
|               WR.aw_channel_0                                                          |    <0.001 |
|                 aw_cmd_fsm_0                                                           |    <0.001 |
|                 cmd_translator_0                                                       |    <0.001 |
|                   incr_cmd_0                                                           |    <0.001 |
|                   wrap_cmd_0                                                           |    <0.001 |
|               WR.b_channel_0                                                           |    <0.001 |
|                 bid_fifo_0                                                             |    <0.001 |
|                 bresp_fifo_0                                                           |    <0.001 |
|     rst_ps7_0_100M                                                                     |    <0.001 |
|       U0                                                                               |    <0.001 |
|         EXT_LPF                                                                        |    <0.001 |
|           ACTIVE_LOW_EXT.ACT_LO_EXT                                                    |    <0.001 |
|         SEQ                                                                            |    <0.001 |
|           SEQ_COUNTER                                                                  |    <0.001 |
+----------------------------------------------------------------------------------------+-----------+


